#
# There is insufficient memory for the Java Runtime Environment to continue.
# Native memory allocation (malloc) failed to allocate 289136 bytes for Chunk::new
# Possible reasons:
#   The system is out of physical RAM or swap space
#   In 32 bit mode, the process size limit was hit
# Possible solutions:
#   Reduce memory load on the system
#   Increase physical memory or swap space
#   Check if swap backing store is full
#   Use 64 bit Java on a 64 bit OS
#   Decrease Java heap size (-Xmx/-Xms)
#   Decrease number of Java threads
#   Decrease Java thread stack sizes (-Xss)
#   Set larger code cache with -XX:ReservedCodeCacheSize=
# This output file may be truncated or incomplete.
#
#  Out of Memory Error (allocation.cpp:390), pid=202056, tid=0x00000000000310d4
#
# JRE version: Java(TM) SE Runtime Environment (8.0_161-b12) (build 1.8.0_161-b12)
# Java VM: Java HotSpot(TM) 64-Bit Server VM (25.161-b12 mixed mode windows-amd64 compressed oops)
# Failed to write core dump. Minidumps are not enabled by default on client versions of Windows
#

---------------  T H R E A D  ---------------

Current thread (0x0000000019df0800):  JavaThread "C2 CompilerThread0" daemon [_thread_in_native, id=200916, stack(0x000000001b530000,0x000000001b630000)]

Stack: [0x000000001b530000,0x000000001b630000]
[error occurred during error reporting (printing stack bounds), id 0xc0000005]

Native frames: (J=compiled Java code, j=interpreted, Vv=VM code, C=native code)


Current CompileTask:
C2:   4861 3487 %     4       java.io.WinNTFileSystem::normalize @ 22 (143 bytes)


---------------  P R O C E S S  ---------------

Java Threads: ( => current thread )
  0x000000001b858800 JavaThread "Service Thread" daemon [_thread_blocked, id=201652, stack(0x000000001bc30000,0x000000001bd30000)]
  0x0000000019df7800 JavaThread "C1 CompilerThread2" daemon [_thread_in_native, id=200712, stack(0x000000001b730000,0x000000001b830000)]
  0x0000000019df3800 JavaThread "C2 CompilerThread1" daemon [_thread_in_native, id=201416, stack(0x000000001b630000,0x000000001b730000)]
=>0x0000000019df0800 JavaThread "C2 CompilerThread0" daemon [_thread_in_native, id=200916, stack(0x000000001b530000,0x000000001b630000)]
  0x0000000019ded800 JavaThread "Attach Listener" daemon [_thread_blocked, id=190140, stack(0x000000001b430000,0x000000001b530000)]
  0x0000000019dec000 JavaThread "Signal Dispatcher" daemon [_thread_blocked, id=200748, stack(0x000000001b330000,0x000000001b430000)]
  0x000000000521d800 JavaThread "Finalizer" daemon [_thread_blocked, id=202128, stack(0x000000001b040000,0x000000001b140000)]
  0x0000000005212000 JavaThread "Reference Handler" daemon [_thread_blocked, id=200568, stack(0x000000001af40000,0x000000001b040000)]
  0x0000000005122800 JavaThread "main" [_thread_in_native, id=202012, stack(0x0000000003810000,0x0000000003910000)]

Other Threads:
  0x0000000019db7800 VMThread [stack: 0x000000001ae40000,0x000000001af40000] [id=200256]
  0x000000001b873000 WatcherThread [stack: 0x000000001bd30000,0x000000001be30000] [id=202148]

VM state:not at safepoint (normal execution)

VM Mutex/Monitor currently owned by a thread: None

Heap:
 PSYoungGen      total 146432K, used 16030K [0x00000000d5f80000, 0x00000000dfc80000, 0x0000000100000000)
  eden space 132608K, 12% used [0x00000000d5f80000,0x00000000d6f27808,0x00000000de100000)
  from space 13824K, 0% used [0x00000000de100000,0x00000000de100000,0x00000000dee80000)
  to   space 13312K, 0% used [0x00000000dee80000,0x00000000dee80000,0x00000000dfb80000)
 ParOldGen       total 80384K, used 21981K [0x0000000081e00000, 0x0000000086c80000, 0x00000000d5f80000)
  object space 80384K, 27% used [0x0000000081e00000,0x00000000833777f0,0x0000000086c80000)
 Metaspace       used 21615K, capacity 22114K, committed 22448K, reserved 1069056K
  class space    used 2587K, capacity 2741K, committed 2816K, reserved 1048576K

Card table byte_map: [0x0000000014690000,0x0000000014a90000] byte_map_base: 0x0000000014281000

Marking Bits: (ParMarkBitMap*) 0x000000006be1f860
 Begin Bits: [0x0000000015140000, 0x00000000170c8000)
 End Bits:   [0x00000000170c8000, 0x0000000019050000)

Polling page: 0x0000000000ff0000

CodeCache: size=245760Kb used=10920Kb max_used=10920Kb free=234839Kb
 bounds [0x00000000052d0000, 0x0000000005d90000, 0x00000000142d0000]
 total_blobs=3901 nmethods=3499 adapters=314
 compilation: enabled

Compilation events (10 events):
Event: 4.838 Thread 0x0000000019df7800 3540       3       com.sun.tools.javac.util.List::nonEmpty (13 bytes)
Event: 4.838 Thread 0x0000000019df7800 nmethod 3540 0x0000000005d7ed50 code [0x0000000005d7eea0, 0x0000000005d7f050]
Event: 4.846 Thread 0x0000000019df7800 3542       3       sun.misc.IOUtils::readFully (138 bytes)
Event: 4.847 Thread 0x0000000019df7800 nmethod 3542 0x0000000005d7f0d0 code [0x0000000005d7f2e0, 0x0000000005d7ff38]
Event: 4.847 Thread 0x0000000019df7800 3543       1       java.net.Parts::getPath (5 bytes)
Event: 4.847 Thread 0x0000000019df7800 nmethod 3543 0x0000000005d803d0 code [0x0000000005d80520, 0x0000000005d80630]
Event: 4.847 Thread 0x0000000019df7800 3544       1       java.net.Parts::getQuery (5 bytes)
Event: 4.848 Thread 0x0000000019df7800 nmethod 3544 0x0000000005d80690 code [0x0000000005d807e0, 0x0000000005d808f0]
Event: 4.848 Thread 0x0000000019df7800 3545       1       java.net.Parts::getRef (5 bytes)
Event: 4.848 Thread 0x0000000019df7800 nmethod 3545 0x0000000005d80950 code [0x0000000005d80aa0, 0x0000000005d80bb0]

GC Heap History (10 events):
Event: 2.298 GC heap before
{Heap before GC invocations=4 (full 0):
 PSYoungGen      total 38400K, used 38384K [0x00000000d5f80000, 0x00000000daa80000, 0x0000000100000000)
  eden space 33280K, 100% used [0x00000000d5f80000,0x00000000d8000000,0x00000000d8000000)
  from space 5120K, 99% used [0x00000000d8000000,0x00000000d84fc030,0x00000000d8500000)
  to   space 5120K, 0% used [0x00000000da580000,0x00000000da580000,0x00000000daa80000)
 ParOldGen       total 87552K, used 5376K [0x0000000081e00000, 0x0000000087380000, 0x00000000d5f80000)
  object space 87552K, 6% used [0x0000000081e00000,0x0000000082340058,0x0000000087380000)
 Metaspace       used 15445K, capacity 15598K, committed 15872K, reserved 1062912K
  class space    used 1860K, capacity 1941K, committed 2048K, reserved 1048576K
Event: 2.319 GC heap after
Heap after GC invocations=4 (full 0):
 PSYoungGen      total 71680K, used 5088K [0x00000000d5f80000, 0x00000000daa80000, 0x0000000100000000)
  eden space 66560K, 0% used [0x00000000d5f80000,0x00000000d5f80000,0x00000000da080000)
  from space 5120K, 99% used [0x00000000da580000,0x00000000daa78020,0x00000000daa80000)
  to   space 5120K, 0% used [0x00000000da080000,0x00000000da080000,0x00000000da580000)
 ParOldGen       total 87552K, used 9877K [0x0000000081e00000, 0x0000000087380000, 0x00000000d5f80000)
  object space 87552K, 11% used [0x0000000081e00000,0x00000000827a5480,0x0000000087380000)
 Metaspace       used 15445K, capacity 15598K, committed 15872K, reserved 1062912K
  class space    used 1860K, capacity 1941K, committed 2048K, reserved 1048576K
}
Event: 3.007 GC heap before
{Heap before GC invocations=5 (full 0):
 PSYoungGen      total 71680K, used 71648K [0x00000000d5f80000, 0x00000000daa80000, 0x0000000100000000)
  eden space 66560K, 100% used [0x00000000d5f80000,0x00000000da080000,0x00000000da080000)
  from space 5120K, 99% used [0x00000000da580000,0x00000000daa78020,0x00000000daa80000)
  to   space 5120K, 0% used [0x00000000da080000,0x00000000da080000,0x00000000da580000)
 ParOldGen       total 87552K, used 9877K [0x0000000081e00000, 0x0000000087380000, 0x00000000d5f80000)
  object space 87552K, 11% used [0x0000000081e00000,0x00000000827a5480,0x0000000087380000)
 Metaspace       used 15969K, capacity 16242K, committed 16384K, reserved 1062912K
  class space    used 1886K, capacity 1979K, committed 2048K, reserved 1048576K
Event: 3.027 GC heap after
Heap after GC invocations=5 (full 0):
 PSYoungGen      total 71680K, used 5104K [0x00000000d5f80000, 0x00000000dfb80000, 0x0000000100000000)
  eden space 66560K, 0% used [0x00000000d5f80000,0x00000000d5f80000,0x00000000da080000)
  from space 5120K, 99% used [0x00000000da080000,0x00000000da57c010,0x00000000da580000)
  to   space 13312K, 0% used [0x00000000dee80000,0x00000000dee80000,0x00000000dfb80000)
 ParOldGen       total 87552K, used 16607K [0x0000000081e00000, 0x0000000087380000, 0x00000000d5f80000)
  object space 87552K, 18% used [0x0000000081e00000,0x0000000082e37d20,0x0000000087380000)
 Metaspace       used 15969K, capacity 16242K, committed 16384K, reserved 1062912K
  class space    used 1886K, capacity 1979K, committed 2048K, reserved 1048576K
}
Event: 3.694 GC heap before
{Heap before GC invocations=6 (full 0):
 PSYoungGen      total 71680K, used 71664K [0x00000000d5f80000, 0x00000000dfb80000, 0x0000000100000000)
  eden space 66560K, 100% used [0x00000000d5f80000,0x00000000da080000,0x00000000da080000)
  from space 5120K, 99% used [0x00000000da080000,0x00000000da57c010,0x00000000da580000)
  to   space 13312K, 0% used [0x00000000dee80000,0x00000000dee80000,0x00000000dfb80000)
 ParOldGen       total 87552K, used 16607K [0x0000000081e00000, 0x0000000087380000, 0x00000000d5f80000)
  object space 87552K, 18% used [0x0000000081e00000,0x0000000082e37d20,0x0000000087380000)
 Metaspace       used 16489K, capacity 16748K, committed 16896K, reserved 1064960K
  class space    used 1913K, capacity 2016K, committed 2048K, reserved 1048576K
Event: 3.712 GC heap after
Heap after GC invocations=6 (full 0):
 PSYoungGen      total 145920K, used 10064K [0x00000000d5f80000, 0x00000000dfc80000, 0x0000000100000000)
  eden space 132608K, 0% used [0x00000000d5f80000,0x00000000d5f80000,0x00000000de100000)
  from space 13312K, 75% used [0x00000000dee80000,0x00000000df854010,0x00000000dfb80000)
  to   space 13824K, 0% used [0x00000000de100000,0x00000000de100000,0x00000000dee80000)
 ParOldGen       total 87552K, used 16615K [0x0000000081e00000, 0x0000000087380000, 0x00000000d5f80000)
  object space 87552K, 18% used [0x0000000081e00000,0x0000000082e39d20,0x0000000087380000)
 Metaspace       used 16489K, capacity 16748K, committed 16896K, reserved 1064960K
  class space    used 1913K, capacity 2016K, committed 2048K, reserved 1048576K
}
Event: 4.440 GC heap before
{Heap before GC invocations=7 (full 0):
 PSYoungGen      total 145920K, used 48559K [0x00000000d5f80000, 0x00000000dfc80000, 0x0000000100000000)
  eden space 132608K, 29% used [0x00000000d5f80000,0x00000000d8517ed0,0x00000000de100000)
  from space 13312K, 75% used [0x00000000dee80000,0x00000000df854010,0x00000000dfb80000)
  to   space 13824K, 0% used [0x00000000de100000,0x00000000de100000,0x00000000dee80000)
 ParOldGen       total 87552K, used 16615K [0x0000000081e00000, 0x0000000087380000, 0x00000000d5f80000)
  object space 87552K, 18% used [0x0000000081e00000,0x0000000082e39d20,0x0000000087380000)
 Metaspace       used 20622K, capacity 21090K, committed 21296K, reserved 1069056K
  class space    used 2469K, capacity 2613K, committed 2688K, reserved 1048576K
Event: 4.457 GC heap after
Heap after GC invocations=7 (full 0):
 PSYoungGen      total 146432K, used 11522K [0x00000000d5f80000, 0x00000000dfc80000, 0x0000000100000000)
  eden space 132608K, 0% used [0x00000000d5f80000,0x00000000d5f80000,0x00000000de100000)
  from space 13824K, 83% used [0x00000000de100000,0x00000000dec40998,0x00000000dee80000)
  to   space 13312K, 0% used [0x00000000dee80000,0x00000000dee80000,0x00000000dfb80000)
 ParOldGen       total 87552K, used 18049K [0x0000000081e00000, 0x0000000087380000, 0x00000000d5f80000)
  object space 87552K, 20% used [0x0000000081e00000,0x0000000082fa0550,0x0000000087380000)
 Metaspace       used 20622K, capacity 21090K, committed 21296K, reserved 1069056K
  class space    used 2469K, capacity 2613K, committed 2688K, reserved 1048576K
}
Event: 4.457 GC heap before
{Heap before GC invocations=8 (full 1):
 PSYoungGen      total 146432K, used 11522K [0x00000000d5f80000, 0x00000000dfc80000, 0x0000000100000000)
  eden space 132608K, 0% used [0x00000000d5f80000,0x00000000d5f80000,0x00000000de100000)
  from space 13824K, 83% used [0x00000000de100000,0x00000000dec40998,0x00000000dee80000)
  to   space 13312K, 0% used [0x00000000dee80000,0x00000000dee80000,0x00000000dfb80000)
 ParOldGen       total 87552K, used 18049K [0x0000000081e00000, 0x0000000087380000, 0x00000000d5f80000)
  object space 87552K, 20% used [0x0000000081e00000,0x0000000082fa0550,0x0000000087380000)
 Metaspace       used 20622K, capacity 21090K, committed 21296K, reserved 1069056K
  class space    used 2469K, capacity 2613K, committed 2688K, reserved 1048576K
Event: 4.559 GC heap after
Heap after GC invocations=8 (full 1):
 PSYoungGen      total 146432K, used 0K [0x00000000d5f80000, 0x00000000dfc80000, 0x0000000100000000)
  eden space 132608K, 0% used [0x00000000d5f80000,0x00000000d5f80000,0x00000000de100000)
  from space 13824K, 0% used [0x00000000de100000,0x00000000de100000,0x00000000dee80000)
  to   space 13312K, 0% used [0x00000000dee80000,0x00000000dee80000,0x00000000dfb80000)
 ParOldGen       total 80384K, used 21981K [0x0000000081e00000, 0x0000000086c80000, 0x00000000d5f80000)
  object space 80384K, 27% used [0x0000000081e00000,0x00000000833777f0,0x0000000086c80000)
 Metaspace       used 20622K, capacity 21090K, committed 21296K, reserved 1069056K
  class space    used 2469K, capacity 2613K, committed 2688K, reserved 1048576K
}

Deoptimization events (10 events):
Event: 3.717 Thread 0x0000000005122800 Uncommon trap: reason=unstable_if action=reinterpret pc=0x00000000055b9b08 method=java.io.Reader.read()I @ 12
Event: 3.720 Thread 0x0000000005122800 Uncommon trap: reason=unstable_if action=reinterpret pc=0x00000000055bed14 method=java.io.Reader.read()I @ 12
Event: 3.751 Thread 0x0000000005122800 Uncommon trap: reason=unstable_if action=reinterpret pc=0x0000000005acb44c method=java.lang.ClassLoader.getPackage(Ljava/lang/String;)Ljava/lang/Package; @ 60
Event: 3.917 Thread 0x0000000005122800 Uncommon trap: reason=null_check action=make_not_entrant pc=0x0000000005c56a6c method=org.apache.maven.model.validation.DefaultModelValidator.validateEffectiveDependency(Lorg/apache/maven/model/building/ModelProblemCollector;Lorg/apache/maven/model/Depend
Event: 4.118 Thread 0x0000000005122800 Uncommon trap: reason=unstable_if action=reinterpret pc=0x00000000059ddef8 method=org.eclipse.sisu.plexus.RealmFilteredBeans$FilteredItr.hasNext()Z @ 44
Event: 4.188 Thread 0x0000000005122800 Uncommon trap: reason=unstable_if action=reinterpret pc=0x0000000005ca29b8 method=com.google.inject.internal.InjectorImpl.callInContext(Lcom/google/inject/internal/ContextualCallable;)Ljava/lang/Object; @ 161
Event: 4.671 Thread 0x0000000005122800 Uncommon trap: reason=unstable_if action=reinterpret pc=0x0000000005d640e0 method=java.util.jar.Manifest$FastInputStream.readLine([BII)I @ 87
Event: 4.739 Thread 0x0000000005122800 Uncommon trap: reason=unstable_if action=reinterpret pc=0x0000000005d2ff1c method=java.util.StringTokenizer.setMaxDelimCodePoint()V @ 71
Event: 4.820 Thread 0x0000000005122800 Uncommon trap: reason=unstable_if action=reinterpret pc=0x0000000005d6a314 method=java.io.WinNTFileSystem.parentOrNull(Ljava/lang/String;)Ljava/lang/String; @ 62
Event: 4.842 Thread 0x0000000005122800 Uncommon trap: reason=class_check action=maybe_recompile pc=0x00000000054dcc90 method=sun.misc.URLClassPath.getLoader(I)Lsun/misc/URLClassPath$Loader; @ 94

Classes redefined (0 events):
No events

Internal exceptions (10 events):
Event: 1.562 Thread 0x0000000005122800 Implicit null exception at 0x00000000055ba116 to 0x00000000055ba4b1
Event: 1.562 Thread 0x0000000005122800 Implicit null exception at 0x00000000054e6c56 to 0x00000000054e6fed
Event: 1.768 Thread 0x0000000005122800 Implicit null exception at 0x0000000005680195 to 0x0000000005680391
Event: 1.768 Thread 0x0000000005122800 Implicit null exception at 0x0000000005650418 to 0x00000000056504a6
Event: 1.784 Thread 0x0000000005122800 Implicit null exception at 0x00000000058ad8ae to 0x00000000058aebcd
Event: 2.616 Thread 0x0000000005122800 Implicit null exception at 0x0000000005a645b2 to 0x0000000005a65961
Event: 3.385 Thread 0x0000000005122800 Implicit null exception at 0x00000000055d84ef to 0x00000000055d8559
Event: 3.917 Thread 0x0000000005122800 Implicit null exception at 0x0000000005c5455e to 0x0000000005c56a4d
Event: 4.188 Thread 0x0000000005122800 Implicit null exception at 0x0000000005ca07c6 to 0x0000000005ca29a1
Event: 4.262 Thread 0x0000000005122800 Exception <a 'java/lang/ClassNotFoundException': com/sun/tools/javac/api/JavacTool> (0x00000000d7c9dd10) thrown at [C:\re\workspace\8-2-build-windows-amd64-cygwin\jdk8u161\10277\hotspot\src\share\vm\classfile\systemDictionary.cpp, line 210]

Events (10 events):
Event: 4.840 loading class com/sun/tools/javac/processing/JavacProcessingEnvironment$DiscoveredProcessors done
Event: 4.841 loading class com/sun/tools/javac/processing/JavacProcessingEnvironment$DiscoveredProcessors$ProcessorStateIterator
Event: 4.841 loading class com/sun/tools/javac/processing/JavacProcessingEnvironment$DiscoveredProcessors$ProcessorStateIterator done
Event: 4.842 Thread 0x0000000005122800 Uncommon trap: trap_request=0xffffffde fr.pc=0x00000000054dcc90
Event: 4.842 Executing VM operation: RevokeBias
Event: 4.842 Executing VM operation: RevokeBias done
Event: 4.842 Thread 0x0000000005122800 DEOPT PACKING pc=0x00000000054dcc90 sp=0x000000000390cb50
Event: 4.842 Thread 0x0000000005122800 DEOPT UNPACKING pc=0x000000000531583b sp=0x000000000390cad8 mode 2
Event: 4.853 Thread 0x0000000005122800 DEOPT PACKING pc=0x000000000541a44c sp=0x000000000390acf0
Event: 4.853 Thread 0x0000000005122800 DEOPT UNPACKING pc=0x0000000005317890 sp=0x000000000390ab68 mode 0


Dynamic libraries:
0x00007ff78f100000 - 0x00007ff78f137000 	C:\Program Files\Java\jdk1.8.0_161\bin\java.exe
0x00007ffe86090000 - 0x00007ffe86270000 	C:\WINDOWS\SYSTEM32\ntdll.dll
0x00007ffe84fe0000 - 0x00007ffe8508e000 	C:\WINDOWS\System32\KERNEL32.DLL
0x00007ffe83220000 - 0x00007ffe83486000 	C:\WINDOWS\System32\KERNELBASE.dll
0x000000006e070000 - 0x000000006e0fe000 	C:\WINDOWS\System32\SYSFER.DLL
0x00007ffe850a0000 - 0x00007ffe85141000 	C:\WINDOWS\System32\ADVAPI32.dll
0x00007ffe855d0000 - 0x00007ffe8566d000 	C:\WINDOWS\System32\msvcrt.dll
0x00007ffe85380000 - 0x00007ffe853db000 	C:\WINDOWS\System32\sechost.dll
0x00007ffe85670000 - 0x00007ffe8578f000 	C:\WINDOWS\System32\RPCRT4.dll
0x00007ffe849a0000 - 0x00007ffe84b2f000 	C:\WINDOWS\System32\USER32.dll
0x00007ffe83030000 - 0x00007ffe83050000 	C:\WINDOWS\System32\win32u.dll
0x00007ffe84f50000 - 0x00007ffe84f78000 	C:\WINDOWS\System32\GDI32.dll
0x00007ffe82e90000 - 0x00007ffe83023000 	C:\WINDOWS\System32\gdi32full.dll
0x00007ffe82df0000 - 0x00007ffe82e8b000 	C:\WINDOWS\System32\msvcp_win.dll
0x00007ffe82cf0000 - 0x00007ffe82de6000 	C:\WINDOWS\System32\ucrtbase.dll
0x00007ffe75e50000 - 0x00007ffe760b9000 	C:\WINDOWS\WinSxS\amd64_microsoft.windows.common-controls_6595b64144ccf1df_6.0.16299.309_none_15cfd4c4935e6b11\COMCTL32.dll
0x00007ffe84c40000 - 0x00007ffe84f48000 	C:\WINDOWS\System32\combase.dll
0x00007ffe834e0000 - 0x00007ffe83552000 	C:\WINDOWS\System32\bcryptPrimitives.dll
0x00007ffe85be0000 - 0x00007ffe85c0d000 	C:\WINDOWS\System32\IMM32.DLL
0x000000006d910000 - 0x000000006d9e2000 	C:\Program Files\Java\jdk1.8.0_161\jre\bin\msvcr100.dll
0x000000006b600000 - 0x000000006be9f000 	C:\Program Files\Java\jdk1.8.0_161\jre\bin\server\jvm.dll
0x00007ffe85150000 - 0x00007ffe85158000 	C:\WINDOWS\System32\PSAPI.DLL
0x00007ffe67ba0000 - 0x00007ffe67ba9000 	C:\WINDOWS\SYSTEM32\WSOCK32.dll
0x00007ffe85a10000 - 0x00007ffe85a7c000 	C:\WINDOWS\System32\WS2_32.dll
0x00007ffe80550000 - 0x00007ffe80573000 	C:\WINDOWS\SYSTEM32\WINMM.dll
0x00007ffe71c30000 - 0x00007ffe71c3a000 	C:\WINDOWS\SYSTEM32\VERSION.dll
0x00007ffe804f0000 - 0x00007ffe8051a000 	C:\WINDOWS\SYSTEM32\WINMMBASE.dll
0x00007ffe83490000 - 0x00007ffe834da000 	C:\WINDOWS\System32\cfgmgr32.dll
0x000000006d900000 - 0x000000006d90f000 	C:\Program Files\Java\jdk1.8.0_161\jre\bin\verify.dll
0x000000006d8a0000 - 0x000000006d8c9000 	C:\Program Files\Java\jdk1.8.0_161\jre\bin\java.dll
0x000000006d8e0000 - 0x000000006d8f6000 	C:\Program Files\Java\jdk1.8.0_161\jre\bin\zip.dll
0x00007ffe83560000 - 0x00007ffe84996000 	C:\WINDOWS\System32\SHELL32.dll
0x00007ffe852d0000 - 0x00007ffe85376000 	C:\WINDOWS\System32\shcore.dll
0x00007ffe825a0000 - 0x00007ffe82ce7000 	C:\WINDOWS\System32\windows.storage.dll
0x00007ffe859b0000 - 0x00007ffe85a01000 	C:\WINDOWS\System32\shlwapi.dll
0x00007ffe82430000 - 0x00007ffe82441000 	C:\WINDOWS\System32\kernel.appcore.dll
0x00007ffe823e0000 - 0x00007ffe8242c000 	C:\WINDOWS\System32\powrprof.dll
0x00007ffe82450000 - 0x00007ffe8246b000 	C:\WINDOWS\System32\profapi.dll
0x00007ffe7d320000 - 0x00007ffe7d32a000 	C:\Program Files\apache-maven-3.5.3\lib\jansi-native\windows64\jansi.dll
0x000000006d880000 - 0x000000006d89a000 	C:\Program Files\Java\jdk1.8.0_161\jre\bin\net.dll
0x00007ffe81c70000 - 0x00007ffe81cd6000 	C:\WINDOWS\system32\mswsock.dll
0x000000006d860000 - 0x000000006d871000 	C:\Program Files\Java\jdk1.8.0_161\jre\bin\nio.dll

VM Arguments:
jvm_args: -Dclassworlds.conf=C:\Program Files\apache-maven-3.5.3\bin\..\bin\m2.conf -Dmaven.home=C:\Program Files\apache-maven-3.5.3\bin\.. -Dlibrary.jansi.path=C:\Program Files\apache-maven-3.5.3\bin\..\lib\jansi-native -Dmaven.multiModuleProjectDirectory=C:\Users\devanjal.kotia\eclipse-workspace\StackDriver 
java_command: org.codehaus.plexus.classworlds.launcher.Launcher install -DskipTests
java_class_path (initial): C:\Program Files\apache-maven-3.5.3\bin\..\boot\plexus-classworlds-2.5.2.jar
Launcher Type: SUN_STANDARD

Environment Variables:
JAVA_HOME=C:\Program Files\Java\jdk1.8.0_161
PATH=C:\Program Files\Docker\Docker\Resources\bin;C:\ProgramData\Oracle\Java\javapath;C:\Program Files (x86)\Intel\iCLS Client\;C:\Program Files\Intel\iCLS Client\;C:\WINDOWS\system32;C:\WINDOWS;C:\WINDOWS\System32\Wbem;C:\WINDOWS\System32\WindowsPowerShell\v1.0\;C:\Program Files (x86)\Intel\Intel(R) Management Engine Components\DAL;C:\Program Files\Intel\Intel(R) Management Engine Components\DAL;C:\Program Files (x86)\Intel\Intel(R) Management Engine Components\IPT;C:\Program Files\Intel\Intel(R) Management Engine Components\IPT;C:\Program Files\Intel\WiFi\bin\;C:\Program Files\Common Files\Intel\WirelessCommon\;C:\Program Files\TortoiseSVN\bin;C:\Program Files\PuTTY\;C:\Program Files\apache-maven-3.5.3\bin;C:\Users\devanjal.kotia\AppData\Local\Microsoft\WindowsApps;C:\Users\devanjal.kotia\AppData\Local\Google\Cloud SDK\google-cloud-sdk\bin;C:\Users\devanjal.kotia\AppData\Local\GitHubDesktop\bin
USERNAME=devanjal.kotia
OS=Windows_NT
PROCESSOR_IDENTIFIER=Intel64 Family 6 Model 142 Stepping 9, GenuineIntel



---------------  S Y S T E M  ---------------

OS: Windows 10.0 , 64 bit Build 16299 (10.0.16299.15)

CPU:total 4 (initial active 4) (2 cores per cpu, 2 threads per core) family 6 model 142 stepping 9, cmov, cx8, fxsr, mmx, sse, sse2, sse3, ssse3, sse4.1, sse4.2, popcnt, avx, avx2, aes, clmul, erms, 3dnowpref, lzcnt, ht, tsc, tscinvbit, bmi1, bmi2, adx

Memory: 4k page, physical 8264920k(710688k free), swap 12459224k(5784k free)

vm_info: Java HotSpot(TM) 64-Bit Server VM (25.161-b12) for windows-amd64 JRE (1.8.0_161-b12), built on Dec 19 2017 17:52:25 by "java_re" with MS VC++ 10.0 (VS2010)

time: Wed Mar 21 10:32:18 2018
elapsed time: 4 seconds (0d 0h 0m 4s)

